<?xml version="1.0" encoding="UTF-8"?>
<!-- Generated by org.testng.reporters.JUnitReportReporter -->
<testsuite hostname="DESKTOP-J0SOEVV" failures="0" tests="4" name="Package1.DataProvideer" time="0.006" errors="0" timestamp="2020-06-06T00:31:20 IST" skipped="0">
  <testcase classname="Package1.DataProvideer" name="Test2" time="0.001"/>
  <system-out/>
  <testcase classname="Package1.DataProvideer" name="Test2" time="0.001"/>
  <system-out/>
  <testcase classname="Package1.DataProvideer" name="Test1" time="0.004"/>
  <system-out/>
  <testcase classname="Package1.DataProvideer" name="Test1" time="0.000"/>
  <system-out/>
</testsuite> <!-- Package1.DataProvideer -->
