<?xml version="1.0" encoding="UTF-8"?>
<!-- Generated by org.testng.reporters.JUnitReportReporter -->
<testsuite hostname="DESKTOP-J0SOEVV" failures="0" tests="1" name="SuiteA.TestB" time="0.000" errors="0" timestamp="2020-06-06T00:31:20 IST" skipped="0">
  <testcase classname="SuiteA.TestB" name="Test1" time="0.000"/>
  <system-out/>
</testsuite> <!-- SuiteA.TestB -->
