<?xml version="1.0" encoding="UTF-8"?>
<!-- Generated by org.testng.reporters.JUnitReportReporter -->
<testsuite hostname="DESKTOP-J0SOEVV" failures="0" tests="1" name="SuiteA.TestA" time="0.001" errors="0" timestamp="2020-06-06T00:31:20 IST" skipped="0">
  <testcase classname="SuiteA.TestA" name="TestB" time="0.001"/>
  <system-out/>
</testsuite> <!-- SuiteA.TestA -->
