<?xml version="1.0" encoding="UTF-8"?>
<!-- Generated by org.testng.reporters.JUnitReportReporter -->
<testsuite hostname="DESKTOP-J0SOEVV" failures="0" tests="1" name="Package1.AssertEx" time="0.003" errors="0" timestamp="2020-06-06T00:31:20 IST" skipped="0">
  <testcase classname="Package1.AssertEx" name="Test1" time="0.003"/>
  <system-out/>
</testsuite> <!-- Package1.AssertEx -->
