<?xml version="1.0" encoding="UTF-8" ?>
<testsuite tests="2" failures="0" name="TestSuite" time="19.152" errors="0" skipped="1">
  <properties>
    <property name="java.runtime.name" value="Java(TM) SE Runtime Environment"/>
    <property name="java.vm.version" value="14.0.1+7"/>
    <property name="sun.boot.library.path" value="C:\Program Files\Java\jdk-14.0.1\bin"/>
    <property name="maven.multiModuleProjectDirectory" value="C:\Users\DHANAPAL\Documents\Selenium Code - Oct 18\Selenium Code - Oct 18\code\Module 24 -  Testng Hybrid\Module 21\Jan 18 release\HybridRediff"/>
    <property name="java.vm.vendor" value="Oracle Corporation"/>
    <property name="java.vendor.url" value="https://java.oracle.com/"/>
    <property name="guice.disable.misplaced.annotation.check" value="true"/>
    <property name="path.separator" value=";"/>
    <property name="java.vm.name" value="Java HotSpot(TM) 64-Bit Server VM"/>
    <property name="sun.os.patch.level" value=""/>
    <property name="user.script" value=""/>
    <property name="user.country" value="IN"/>
    <property name="sun.java.launcher" value="SUN_STANDARD"/>
    <property name="java.vm.specification.name" value="Java Virtual Machine Specification"/>
    <property name="user.dir" value="C:\Users\DHANAPAL\Documents\Selenium Code - Oct 18\Selenium Code - Oct 18\code\Module 24 -  Testng Hybrid\Module 21\Jan 18 release\HybridRediff"/>
    <property name="java.vm.compressedOopsMode" value="32-bit"/>
    <property name="java.runtime.version" value="14.0.1+7"/>
    <property name="os.arch" value="amd64"/>
    <property name="java.io.tmpdir" value="C:\Users\DHANAPAL\AppData\Local\Temp\"/>
    <property name="line.separator" value="
"/>
    <property name="java.vm.specification.vendor" value="Oracle Corporation"/>
    <property name="user.variant" value=""/>
    <property name="os.name" value="Windows 10"/>
    <property name="classworlds.conf" value="C:\Users\DHANAPAL\Downloads\Compressed\apache-maven-3.6.3\bin\..\bin\m2.conf"/>
    <property name="sun.jnu.encoding" value="Cp1252"/>
    <property name="java.library.path" value="C:\Program Files\Java\jdk-14.0.1\bin;C:\Windows\Sun\Java\bin;C:\Windows\system32;C:\Windows;C:\Windows\system32;C:\Windows;C:\Windows\System32\Wbem;C:\Windows\System32\WindowsPowerShell\v1.0\;C:\Program Files\Java\jdk-14.0.1\bin;C:\Users\DHANAPAL\Downloads\Compressed\apache-maven-3.6.3\bin;D:\Drivers;C:\Program Files\Git\cmd;C:\Users\DHANAPAL\Desktop\ant\apache-ant-1.9.15\bin;C:\Users\DHANAPAL\AppData\Local\Programs\Python\Python38-32\Scripts\;C:\Users\DHANAPAL\AppData\Local\Programs\Python\Python38-32\;C:\Users\DHANAPAL\AppData\Local\Microsoft\WindowsApps;C:\Program Files\JetBrains\PyCharm Community Edition 2019.3.3\bin;;C:\Program Files\Java\jdk-14.0.1\bin;;."/>
    <property name="maven.conf" value="C:\Users\DHANAPAL\Downloads\Compressed\apache-maven-3.6.3\bin\../conf"/>
    <property name="jdk.debug" value="release"/>
    <property name="java.class.version" value="58.0"/>
    <property name="java.specification.name" value="Java Platform API Specification"/>
    <property name="sun.management.compiler" value="HotSpot 64-Bit Tiered Compilers"/>
    <property name="os.version" value="10.0"/>
    <property name="library.jansi.path" value="C:\Users\DHANAPAL\Downloads\Compressed\apache-maven-3.6.3\bin\..\lib\jansi-native"/>
    <property name="user.home" value="C:\Users\DHANAPAL"/>
    <property name="user.timezone" value="Asia/Calcutta"/>
    <property name="file.encoding" value="Cp1252"/>
    <property name="java.specification.version" value="14"/>
    <property name="user.name" value="DHANAPAL"/>
    <property name="java.class.path" value="C:\Users\DHANAPAL\Downloads\Compressed\apache-maven-3.6.3\bin\..\boot\plexus-classworlds-2.6.0.jar"/>
    <property name="java.vm.specification.version" value="14"/>
    <property name="sun.arch.data.model" value="64"/>
    <property name="sun.java.command" value="org.codehaus.plexus.classworlds.launcher.Launcher test"/>
    <property name="java.home" value="C:\Program Files\Java\jdk-14.0.1"/>
    <property name="user.language" value="en"/>
    <property name="java.specification.vendor" value="Oracle Corporation"/>
    <property name="java.vm.info" value="mixed mode, sharing"/>
    <property name="java.version" value="14.0.1"/>
    <property name="java.vendor" value="Oracle Corporation"/>
    <property name="sun.stderr.encoding" value="cp437"/>
    <property name="maven.home" value="C:\Users\DHANAPAL\Downloads\Compressed\apache-maven-3.6.3\bin\.."/>
    <property name="file.separator" value="\"/>
    <property name="java.version.date" value="2020-04-14"/>
    <property name="java.vendor.url.bug" value="https://bugreport.java.com/bugreport/"/>
    <property name="sun.io.unicode.encoding" value="UnicodeLittle"/>
    <property name="sun.cpu.endian" value="little"/>
    <property name="sun.stdout.encoding" value="cp437"/>
    <property name="sun.cpu.isalist" value="amd64"/>
  </properties>
  <testcase classname="com.qtpselenium.rediff.hybrid.suiteA.CreateAccount" name="createAccount" time="0.025">
    <skipped/>
    <system-out>*** CreateAccount
C:\Users\DHANAPAL\Documents\Selenium Code - Oct 18\Selenium Code - Oct 18\code\Module 24 -  Testng Hybrid\Module 21\Jan 18 release\HybridRediff\Files\SuiteA.xlsx
CreateAccount
Row Number of test is 1
Total Cols - 7
Total Rows 1
{Username=ashishth1983@gmail.com, Password=kumar1985, Mobile No=9976349820, Runmode=Y, Confirm Password=kumar1985, User Full Name=Kumaravel, Browser=Chrome}
----------------
D:\Reports\Sun_Jun_07_22_46_19_IST_2020//Report.html
</system-out>
  </testcase>
  <testcase classname="com.qtpselenium.rediff.hybrid.suiteA.CreateAccount" name="loginTest" time="19.127"/>
</testsuite>