<?xml version="1.0" encoding="UTF-8"?>
<!-- Generated by org.testng.reporters.JUnitReportReporter -->
<testsuite hostname="DESKTOP-J0SOEVV" failures="0" tests="2" name="com.qtpselenium.rediff.hybrid.suiteA.CreateAccount" time="21.458" errors="0" timestamp="2020-06-07T22:46:40 IST" skipped="1">
  <testcase classname="com.qtpselenium.rediff.hybrid.suiteA.CreateAccount" name="loginTest" time="20.360"/>
  <system-out/>
  <testcase classname="com.qtpselenium.rediff.hybrid.suiteA.CreateAccount" name="createAccount" time="1.098">
    <skipped/>
  </testcase> <!-- createAccount -->
  <system-out/>
</testsuite> <!-- com.qtpselenium.rediff.hybrid.suiteA.CreateAccount -->
