<?xml version="1.0" encoding="UTF-8"?>
<!-- Generated by org.testng.reporters.JUnitReportReporter -->
<testsuite hostname="DESKTOP-J0SOEVV" failures="0" tests="3" name="Package1.TestNGClass" time="0.005" errors="0" timestamp="2020-06-05T00:05:03 IST" skipped="1">
  <testcase classname="Package1.TestNGClass" name="Test1" time="0.001">
    <skipped/>
  </testcase> <!-- Test1 -->
  <system-out/>
  <testcase classname="Package1.TestNGClass" name="Test2" time="0.002"/>
  <system-out/>
  <testcase classname="Package1.TestNGClass" name="Test3" time="0.002"/>
  <system-out/>
</testsuite> <!-- Package1.TestNGClass -->
