<?xml version="1.0" encoding="UTF-8"?>
<!-- Generated by org.testng.reporters.JUnitReportReporter -->
<testsuite hostname="DESKTOP-J0SOEVV" failures="0" tests="4" name="Package1.DataProvideer" time="0.018" errors="0" timestamp="2020-06-05T00:05:03 IST" skipped="0">
  <testcase classname="Package1.DataProvideer" name="Test1" time="0.002"/>
  <system-out/>
  <testcase classname="Package1.DataProvideer" name="Test1" time="0.010"/>
  <system-out/>
  <testcase classname="Package1.DataProvideer" name="Test2" time="0.004"/>
  <system-out/>
  <testcase classname="Package1.DataProvideer" name="Test2" time="0.002"/>
  <system-out/>
</testsuite> <!-- Package1.DataProvideer -->
